<?xml version="1.0" encoding="UTF-8" ?>
<testsuite tests="1" failures="0" name="CalculadoraTest" time="0.274" errors="1" skipped="0">
  <properties>
    <property name="jansi.mode" value="force"/>
    <property name="java.runtime.name" value="OpenJDK Runtime Environment"/>
    <property name="java.vm.version" value="17.0.4.1+1"/>
    <property name="sun.boot.library.path" value="/opt/sts-4.16.1.RELEASE/plugins/org.eclipse.justj.openjdk.hotspot.jre.full.linux.x86_64_17.0.4.v20221004-1257/jre/lib"/>
    <property name="maven.multiModuleProjectDirectory" value="/home/jhoncrespo/Documentos/Projetos/Pessoal/Camunda Project/primeiro-projeto-camunda"/>
    <property name="java.vm.vendor" value="Eclipse Adoptium"/>
    <property name="java.vendor.url" value="https://adoptium.net/"/>
    <property name="guice.disable.misplaced.annotation.check" value="true"/>
    <property name="path.separator" value=":"/>
    <property name="java.vm.name" value="OpenJDK 64-Bit Server VM"/>
    <property name="user.country" value="BR"/>
    <property name="sun.java.launcher" value="SUN_STANDARD"/>
    <property name="java.vm.specification.name" value="Java Virtual Machine Specification"/>
    <property name="user.dir" value="/home/jhoncrespo/Documentos/Projetos/Pessoal/Camunda Project/primeiro-projeto-camunda"/>
    <property name="java.vm.compressedOopsMode" value="Zero based"/>
    <property name="java.runtime.version" value="17.0.4.1+1"/>
    <property name="os.arch" value="amd64"/>
    <property name="java.io.tmpdir" value="/tmp"/>
    <property name="line.separator" value="
"/>
    <property name="java.vm.specification.vendor" value="Oracle Corporation"/>
    <property name="os.name" value="Linux"/>
    <property name="classworlds.conf" value="/home/jhoncrespo/Documents/workspace-spring-tool-suite-4-4.16.1.RELEASE/.metadata/.plugins/org.eclipse.m2e.launching/launches/m2conf2705981469381957941.tmp"/>
    <property name="sun.jnu.encoding" value="UTF-8"/>
    <property name="java.library.path" value="/usr/java/packages/lib:/usr/lib64:/lib64:/lib:/usr/lib"/>
    <property name="jdk.debug" value="release"/>
    <property name="java.class.version" value="61.0"/>
    <property name="java.specification.name" value="Java Platform API Specification"/>
    <property name="sun.management.compiler" value="HotSpot 64-Bit Tiered Compilers"/>
    <property name="os.version" value="5.15.0-52-generic"/>
    <property name="user.home" value="/home/jhoncrespo"/>
    <property name="user.timezone" value="America/Sao_Paulo"/>
    <property name="file.encoding" value="UTF-8"/>
    <property name="java.specification.version" value="17"/>
    <property name="user.name" value="jhoncrespo"/>
    <property name="java.class.path" value="/opt/sts-4.16.1.RELEASE/plugins/org.eclipse.m2e.maven.runtime_3.8.601.20220820-1147/jars/plexus-classworlds-2.6.0.jar"/>
    <property name="java.vm.specification.version" value="17"/>
    <property name="sun.arch.data.model" value="64"/>
    <property name="sun.java.command" value="org.codehaus.plexus.classworlds.launcher.Launcher -B -Dstyle.color=always install"/>
    <property name="java.home" value="/opt/sts-4.16.1.RELEASE/plugins/org.eclipse.justj.openjdk.hotspot.jre.full.linux.x86_64_17.0.4.v20221004-1257/jre"/>
    <property name="user.language" value="pt"/>
    <property name="java.specification.vendor" value="Oracle Corporation"/>
    <property name="java.vm.info" value="mixed mode"/>
    <property name="java.version" value="17.0.4.1"/>
    <property name="native.encoding" value="UTF-8"/>
    <property name="java.vendor" value="Eclipse Adoptium"/>
    <property name="maven.home" value="/home/jhoncrespo/Documentos/Projetos/Pessoal/Camunda Project/primeiro-projeto-camunda/EMBEDDED"/>
    <property name="style.color" value="always"/>
    <property name="file.separator" value="/"/>
    <property name="java.version.date" value="2022-08-12"/>
    <property name="java.vendor.url.bug" value="https://github.com/adoptium/adoptium-support/issues"/>
    <property name="sun.io.unicode.encoding" value="UnicodeLittle"/>
    <property name="sun.cpu.endian" value="little"/>
    <property name="java.vendor.version" value="Temurin-17.0.4.1+1"/>
  </properties>
  <testcase classname="CalculadoraTest" name="CalculadoraTest" time="0.274">
    <error message="IOException parsing XML document from class path resource [activiti.cfg.xml]; nested exception is java.io.FileNotFoundException: class path resource [activiti.cfg.xml] cannot be opened because it does not exist" type="org.springframework.beans.factory.BeanDefinitionStoreException">org.springframework.beans.factory.BeanDefinitionStoreException: IOException parsing XML document from class path resource [activiti.cfg.xml]; nested exception is java.io.FileNotFoundException: class path resource [activiti.cfg.xml] cannot be opened because it does not exist
	at org.springframework.beans.factory.xml.XmlBeanDefinitionReader.loadBeanDefinitions(XmlBeanDefinitionReader.java:342)
	at org.springframework.beans.factory.xml.XmlBeanDefinitionReader.loadBeanDefinitions(XmlBeanDefinitionReader.java:310)
	at org.camunda.bpm.engine.impl.cfg.BeansConfigurationHelper.parseProcessEngineConfiguration(BeansConfigurationHelper.java:38)
	at org.camunda.bpm.engine.impl.cfg.BeansConfigurationHelper.parseProcessEngineConfigurationFromResource(BeansConfigurationHelper.java:53)
	at org.camunda.bpm.engine.ProcessEngineConfiguration.createProcessEngineConfigurationFromResource(ProcessEngineConfiguration.java:449)
	at org.camunda.bpm.engine.ProcessEngineConfiguration.createProcessEngineConfigurationFromResource(ProcessEngineConfiguration.java:445)
	at org.camunda.bpm.engine.impl.test.TestHelper.getProcessEngine(TestHelper.java:514)
	at org.camunda.bpm.engine.test.ProcessEngineRule.initializeProcessEngine(ProcessEngineRule.java:195)
	at org.camunda.bpm.engine.test.ProcessEngineRule.apply(ProcessEngineRule.java:164)
	at org.camunda.bpm.extension.process_test_coverage.junit.rules.TestCoverageProcessEngineRule.apply(TestCoverageProcessEngineRule.java:432)
	at org.junit.rules.RunRules.applyAll(RunRules.java:26)
	at org.junit.rules.RunRules.&lt;init&gt;(RunRules.java:15)
	at org.junit.runners.ParentRunner.withClassRules(ParentRunner.java:269)
	at org.junit.runners.ParentRunner.classBlock(ParentRunner.java:217)
	at org.junit.runners.ParentRunner.run(ParentRunner.java:412)
	at org.apache.maven.surefire.junit4.JUnit4Provider.execute(JUnit4Provider.java:252)
	at org.apache.maven.surefire.junit4.JUnit4Provider.executeTestSet(JUnit4Provider.java:141)
	at org.apache.maven.surefire.junit4.JUnit4Provider.invoke(JUnit4Provider.java:112)
	at java.base/jdk.internal.reflect.NativeMethodAccessorImpl.invoke0(Native Method)
	at java.base/jdk.internal.reflect.NativeMethodAccessorImpl.invoke(NativeMethodAccessorImpl.java:77)
	at java.base/jdk.internal.reflect.DelegatingMethodAccessorImpl.invoke(DelegatingMethodAccessorImpl.java:43)
	at java.base/java.lang.reflect.Method.invoke(Method.java:568)
	at org.apache.maven.surefire.util.ReflectionUtils.invokeMethodWithArray(ReflectionUtils.java:189)
	at org.apache.maven.surefire.booter.ProviderFactory$ProviderProxy.invoke(ProviderFactory.java:165)
	at org.apache.maven.surefire.booter.ProviderFactory.invokeProvider(ProviderFactory.java:85)
	at org.apache.maven.surefire.booter.ForkedBooter.runSuitesInProcess(ForkedBooter.java:115)
	at org.apache.maven.surefire.booter.ForkedBooter.main(ForkedBooter.java:75)
Caused by: java.io.FileNotFoundException: class path resource [activiti.cfg.xml] cannot be opened because it does not exist
	at org.springframework.core.io.ClassPathResource.getInputStream(ClassPathResource.java:199)
	at org.springframework.beans.factory.xml.XmlBeanDefinitionReader.loadBeanDefinitions(XmlBeanDefinitionReader.java:333)
	... 26 more
</error>
    <system-out>15:29:03.250 [main] DEBUG org.camunda.bpm.engine.test - ==== BUILDING PROCESS ENGINE ========================================================================
15:29:03.305 [main] DEBUG org.camunda.bpm.engine.test - ==== BUILDING PROCESS ENGINE ========================================================================
</system-out>
  </testcase>
</testsuite>